
> client@0.1.0 start H:\personal\Recipe_app\client
> set PORT=3000 && react-scripts start

[34mi[39m [90m｢wds｣[39m: Project is running at http://10.0.0.206/
[34mi[39m [90m｢wds｣[39m: webpack output is served from 
[34mi[39m [90m｢wds｣[39m: Content not from webpack is served from H:\personal\Recipe_app\client\public
[34mi[39m [90m｢wds｣[39m: 404s will fallback to /
Starting the development server...

Compiled successfully!

You can now view client in the browser.

  Local:            http://localhost:3000
  On Your Network:  http://10.0.0.206:3000

Note that the development build is not optimized.
To create a production build, use npm run build.


> client@0.1.0 start H:\personal\Recipe_app\client
> set PORT=3000 && react-scripts start

Something is already running on port 3000.

> client@0.1.0 start H:\personal\Recipe_app\client
> set PORT=3000 && react-scripts start

[34mi[39m [90m｢wds｣[39m: Project is running at http://10.0.0.206/
[34mi[39m [90m｢wds｣[39m: webpack output is served from 
[34mi[39m [90m｢wds｣[39m: Content not from webpack is served from H:\personal\Recipe_app\client\public
[34mi[39m [90m｢wds｣[39m: 404s will fallback to /
Starting the development server...

Compiled successfully!

You can now view client in the browser.

  Local:            http://localhost:3000
  On Your Network:  http://10.0.0.206:3000

Note that the development build is not optimized.
To create a production build, use npm run build.

